<?xml version="1.0" encoding="UTF-8"?>
<!-- Generated by org.testng.reporters.JUnitXMLReporter -->
<testsuite ignored="0" hostname="MuhammadYasar" failures="0" tests="4" name="Default test" time="0.061" errors="0" timestamp="2026-07-16T12:58:50 IST">
  <testcase classname="testCases.New" name="printDataValue" time="0.008"/>
  <testcase classname="testCases.New" name="printDataValue" time="0.001"/>
  <testcase classname="testCases.New" name="printDataValue" time="0.001"/>
  <testcase classname="testCases.New" name="printDataValue" time="0.0"/>
</testsuite> <!-- Default test -->
