<?xml version="1.0" encoding="UTF-8"?>
<!-- Generated by org.testng.reporters.JUnitXMLReporter -->
<testsuite ignored="0" hostname="MuhammadYasar" failures="1" tests="2" name="Linux-Chrome" time="226.772" errors="0" timestamp="2026-06-13T11:57:05 IST">
  <testcase classname="testBase.BaseClass" name="@AfterClass tearDown" time="0.037">
    <failure type="org.openqa.selenium.WebDriverException" message="Unable to execute request for an existing session: Connection error (DELETE http://172.18.0.3:5555/session/d83662cff85e79cb6bc84afd689e402d)
Build info: version: &amp;apos;4.34.0&amp;apos;, revision: &amp;apos;707dcb4246*&amp;apos;
System info: os.name: &amp;apos;Windows 11&amp;apos;, os.arch: &amp;apos;amd64&amp;apos;, os.version: &amp;apos;10.0&amp;apos;, java.version: &amp;apos;25.0.2&amp;apos;
Driver info: org.openqa.selenium.remote.RemoteWebDriver
Command: [d83662cff85e79cb6bc84afd689e402d, quit {}]
Capabilities {acceptInsecureCerts: false, browserName: chrome, browserVersion: 148.0.7778.178, chrome: {chromedriverVersion: 148.0.7778.178 (d096af1c9e9..., userDataDir: /tmp/org.chromium.Chromium....}, fedcm:accounts: true, goog:chromeOptions: {debuggerAddress: localhost:46151}, goog:processID: 437, networkConnectionEnabled: false, pageLoadStrategy: normal, platformName: linux, proxy: Proxy(), se:bidiEnabled: false, se:cdp: ws://172.18.0.3:4444/sessio..., se:cdpVersion: 148.0.7778.178, se:containerName: dc267f89396b, se:deleteSessionOnUi: true, se:downloadsEnabled: true, se:noVncPort: 7900, se:vnc: ws://172.18.0.3:4444/sessio..., se:vncEnabled: true, se:vncLocalAddress: ws://172.18.0.3:7900, setWindowRect: true, strictFileInteractability: false, timeouts: {implicit: 0, pageLoad: 300000, script: 30000}, unhandledPromptBehavior: dismiss and notify, webauthn:extension:credBlob: true, webauthn:extension:largeBlob: true, webauthn:extension:minPinLength: true, webauthn:extension:prf: true, webauthn:virtualAuthenticators: true}
Session ID: d83662cff85e79cb6bc84afd689e402d">
      <![CDATA[org.openqa.selenium.WebDriverException: Unable to execute request for an existing session: Connection error (DELETE http://172.18.0.3:5555/session/d83662cff85e79cb6bc84afd689e402d)
Build info: version: '4.34.0', revision: '707dcb4246*'
System info: os.name: 'Windows 11', os.arch: 'amd64', os.version: '10.0', java.version: '25.0.2'
Driver info: org.openqa.selenium.remote.RemoteWebDriver
Command: [d83662cff85e79cb6bc84afd689e402d, quit {}]
Capabilities {acceptInsecureCerts: false, browserName: chrome, browserVersion: 148.0.7778.178, chrome: {chromedriverVersion: 148.0.7778.178 (d096af1c9e9..., userDataDir: /tmp/org.chromium.Chromium....}, fedcm:accounts: true, goog:chromeOptions: {debuggerAddress: localhost:46151}, goog:processID: 437, networkConnectionEnabled: false, pageLoadStrategy: normal, platformName: linux, proxy: Proxy(), se:bidiEnabled: false, se:cdp: ws://172.18.0.3:4444/sessio..., se:cdpVersion: 148.0.7778.178, se:containerName: dc267f89396b, se:deleteSessionOnUi: true, se:downloadsEnabled: true, se:noVncPort: 7900, se:vnc: ws://172.18.0.3:4444/sessio..., se:vncEnabled: true, se:vncLocalAddress: ws://172.18.0.3:7900, setWindowRect: true, strictFileInteractability: false, timeouts: {implicit: 0, pageLoad: 300000, script: 30000}, unhandledPromptBehavior: dismiss and notify, webauthn:extension:credBlob: true, webauthn:extension:largeBlob: true, webauthn:extension:minPinLength: true, webauthn:extension:prf: true, webauthn:virtualAuthenticators: true}
Session ID: d83662cff85e79cb6bc84afd689e402d
at org.openqa.selenium.remote.ErrorCodec.decode(ErrorCodec.java:167)
at org.openqa.selenium.remote.codec.w3c.W3CHttpResponseCodec.decode(W3CHttpResponseCodec.java:138)
at org.openqa.selenium.remote.codec.w3c.W3CHttpResponseCodec.decode(W3CHttpResponseCodec.java:50)
at org.openqa.selenium.remote.HttpCommandExecutor.execute(HttpCommandExecutor.java:215)
at org.openqa.selenium.remote.TracedCommandExecutor.execute(TracedCommandExecutor.java:53)
at org.openqa.selenium.remote.RemoteWebDriver.execute(RemoteWebDriver.java:544)
at org.openqa.selenium.remote.RemoteWebDriver.execute(RemoteWebDriver.java:617)
at org.openqa.selenium.remote.RemoteWebDriver.execute(RemoteWebDriver.java:621)
at org.openqa.selenium.remote.RemoteWebDriver.quit(RemoteWebDriver.java:445)
at testBase.BaseClass.tearDown(BaseClass.java:107)
at java.base/java.util.ArrayList.forEach(ArrayList.java:1604)
... Removed 27 stack frames]]>
    </failure>
  </testcase> <!-- @AfterClass tearDown -->
  <testcase classname="testCases.TC001_AccountRegistrationTest" name="verifyAccountRegistration" time="2.707"/>
  <testcase classname="testCases.TC002_LoginTest" name="verifyLoginTest" time="180.414">
    <failure type="java.lang.AssertionError" message="null">
      <![CDATA[java.lang.AssertionError: null
at testCases.TC002_LoginTest.verifyLoginTest(TC002_LoginTest.java:38)
at java.base/java.util.ArrayList.forEach(ArrayList.java:1604)
... Removed 27 stack frames]]>
    </failure>
  </testcase> <!-- verifyLoginTest -->
</testsuite> <!-- Linux-Chrome -->
