<?xml version="1.0" encoding="UTF-8"?>
<!-- Generated by org.testng.reporters.JUnitXMLReporter -->
<testsuite ignored="0" hostname="MuhammadYasar" failures="0" tests="2" name="Linux-firefox" time="276.603" errors="0" timestamp="2026-06-13T10:44:58 IST">
  <testcase classname="testCases.TC001_AccountRegistrationTest" name="verifyAccountRegistration" time="0.0">
    <skipped/>
  </testcase> <!-- verifyAccountRegistration -->
  <testcase classname="testCases.TC002_LoginTest" name="verifyLoginTest" time="0.0">
    <skipped/>
  </testcase> <!-- verifyLoginTest -->
</testsuite> <!-- Linux-firefox -->
