<?xml version="1.0" encoding="UTF-8"?>
<testng-results ignored="0" total="2" passed="2" failed="0" skipped="0">
  <reporter-output>
  </reporter-output>
  <suite started-at="2026-06-13T12:08:40 IST" name="Suite" finished-at="2026-06-13T12:08:57 IST" duration-ms="16968">
    <groups>
      <group name="Master">
        <method signature="TC001_AccountRegistrationTest.verifyAccountRegistration()[pri:0, instance:testCases.TC001_AccountRegistrationTest@6dab9b6d]" name="verifyAccountRegistration" class="testCases.TC001_AccountRegistrationTest"/>
        <method signature="TC002_LoginTest.verifyLoginTest()[pri:0, instance:testCases.TC002_LoginTest@2e6a5539]" name="verifyLoginTest" class="testCases.TC002_LoginTest"/>
      </group> <!-- Master -->
      <group name="Sanity">
        <method signature="TC002_LoginTest.verifyLoginTest()[pri:0, instance:testCases.TC002_LoginTest@2e6a5539]" name="verifyLoginTest" class="testCases.TC002_LoginTest"/>
      </group> <!-- Sanity -->
      <group name="Regression">
        <method signature="TC001_AccountRegistrationTest.verifyAccountRegistration()[pri:0, instance:testCases.TC001_AccountRegistrationTest@6dab9b6d]" name="verifyAccountRegistration" class="testCases.TC001_AccountRegistrationTest"/>
      </group> <!-- Regression -->
    </groups>
    <test started-at="2026-06-13T12:08:40 IST" name="windows-Chrome" finished-at="2026-06-13T12:08:57 IST" duration-ms="16968">
      <class name="testCases.TC002_LoginTest">
        <test-method is-config="true" signature="setup(java.lang.String,java.lang.String)[pri:0, instance:testCases.TC002_LoginTest@2e6a5539]" started-at="2026-06-13T12:08:51 IST" name="setup" finished-at="2026-06-13T12:08:54 IST" duration-ms="2640" status="PASS">
          <params>
            <param index="0">
              <value>
                <![CDATA[windows]]>
              </value>
            </param>
            <param index="1">
              <value>
                <![CDATA[chrome]]>
              </value>
            </param>
          </params>
          <reporter-output>
          </reporter-output>
        </test-method> <!-- setup -->
        <test-method signature="verifyLoginTest()[pri:0, instance:testCases.TC002_LoginTest@2e6a5539]" started-at="2026-06-13T12:08:54 IST" name="verifyLoginTest" finished-at="2026-06-13T12:08:56 IST" duration-ms="2831" status="PASS">
          <reporter-output>
          </reporter-output>
        </test-method> <!-- verifyLoginTest -->
        <test-method is-config="true" signature="tearDown()[pri:0, instance:testCases.TC002_LoginTest@2e6a5539]" started-at="2026-06-13T12:08:56 IST" name="tearDown" finished-at="2026-06-13T12:08:57 IST" duration-ms="194" status="PASS">
          <reporter-output>
          </reporter-output>
        </test-method> <!-- tearDown -->
      </class> <!-- testCases.TC002_LoginTest -->
      <class name="testCases.TC001_AccountRegistrationTest">
        <test-method is-config="true" signature="setup(java.lang.String,java.lang.String)[pri:0, instance:testCases.TC001_AccountRegistrationTest@6dab9b6d]" started-at="2026-06-13T12:08:40 IST" name="setup" finished-at="2026-06-13T12:08:46 IST" duration-ms="6446" status="PASS">
          <params>
            <param index="0">
              <value>
                <![CDATA[windows]]>
              </value>
            </param>
            <param index="1">
              <value>
                <![CDATA[chrome]]>
              </value>
            </param>
          </params>
          <reporter-output>
          </reporter-output>
        </test-method> <!-- setup -->
        <test-method signature="verifyAccountRegistration()[pri:0, instance:testCases.TC001_AccountRegistrationTest@6dab9b6d]" started-at="2026-06-13T12:08:46 IST" name="verifyAccountRegistration" finished-at="2026-06-13T12:08:51 IST" duration-ms="4343" status="PASS">
          <reporter-output>
          </reporter-output>
        </test-method> <!-- verifyAccountRegistration -->
        <test-method is-config="true" signature="tearDown()[pri:0, instance:testCases.TC001_AccountRegistrationTest@6dab9b6d]" started-at="2026-06-13T12:08:51 IST" name="tearDown" finished-at="2026-06-13T12:08:51 IST" duration-ms="265" status="PASS">
          <reporter-output>
          </reporter-output>
        </test-method> <!-- tearDown -->
      </class> <!-- testCases.TC001_AccountRegistrationTest -->
    </test> <!-- windows-Chrome -->
  </suite> <!-- Suite -->
</testng-results>
