<?xml version="1.0" encoding="UTF-8"?>
<!-- Generated by org.testng.reporters.JUnitReportReporter -->
<testsuite hostname="MuhammadYasar" failures="0" tests="4" name="testCases.New" time="0.010" errors="0" timestamp="2026-07-16T12:58:50 IST" skipped="0">
  <testcase classname="testCases.New" name="printDataValue" time="0.001"/>
  <testcase classname="testCases.New" name="printDataValue" time="0.000"/>
  <testcase classname="testCases.New" name="printDataValue" time="0.001"/>
  <testcase classname="testCases.New" name="printDataValue" time="0.008"/>
</testsuite> <!-- testCases.New -->
